log-plugin.js:64 Tag = getTodos$; notification = subscribe; matching /.+/
log-plugin.js:64 Tag = addTodo$; notification = subscribe; matching /.+/
main.ts:14 Effects GetTodos$ > actions$ {type: "@ngrx/effects/init"}
main.ts:14 Effects AddTodo$ > actions$ {type: "@ngrx/effects/init"}
core.es5.js:2925 Angular is running in the development mode. Call enableProdMode() to enable the production mode.
spy-core.js:327 Value passed as error notification is not an Error instance = NoMatch {segmentGroup: UrlSegmentGroup}
error @ spy-core.js:327
webpackJsonp.../../../../rxjs/Subscriber.js.SafeSubscriber.__tryOrSetError @ Subscriber.js:248
webpackJsonp.../../../../rxjs/Subscriber.js.SafeSubscriber.error @ Subscriber.js:202
webpackJsonp.../../../../rxjs/Subscriber.js.Subscriber._error @ Subscriber.js:129
webpackJsonp.../../../../rxjs/Subscriber.js.Subscriber.error @ Subscriber.js:103
error @ spy-core.js:354
webpackJsonp.../../../../rxjs/Subscriber.js.SafeSubscriber.__tryOrSetError @ Subscriber.js:248
webpackJsonp.../../../../rxjs/Subscriber.js.SafeSubscriber.error @ Subscriber.js:202
webpackJsonp.../../../../rxjs/Subscriber.js.Subscriber._error @ Subscriber.js:129
webpackJsonp.../../../../rxjs/Subscriber.js.Subscriber.error @ Subscriber.js:103
webpackJsonp.../../../../rxjs/Subscriber.js.Subscriber._error @ Subscriber.js:129
webpackJsonp.../../../../rxjs/Subscriber.js.Subscriber.error @ Subscriber.js:103
webpackJsonp.../../../../rxjs/operators/catchError.js.CatchSubscriber.error @ catchError.js:107
(anonymous) @ spy-core.js:329
notify_ @ spy-core.js:307
error @ spy-core.js:329
webpackJsonp.../../../../rxjs/Subscriber.js.SafeSubscriber.__tryOrSetError @ Subscriber.js:248
webpackJsonp.../../../../rxjs/Subscriber.js.SafeSubscriber.error @ Subscriber.js:202
webpackJsonp.../../../../rxjs/Subscriber.js.Subscriber._error @ Subscriber.js:129
webpackJsonp.../../../../rxjs/Subscriber.js.Subscriber.error @ Subscriber.js:103
error @ spy-core.js:354
webpackJsonp.../../../../rxjs/Subscriber.js.SafeSubscriber.__tryOrSetError @ Subscriber.js:248
webpackJsonp.../../../../rxjs/Subscriber.js.SafeSubscriber.error @ Subscriber.js:202
webpackJsonp.../../../../rxjs/Subscriber.js.Subscriber._error @ Subscriber.js:129
webpackJsonp.../../../../rxjs/Subscriber.js.Subscriber.error @ Subscriber.js:103
webpackJsonp.../../../../rxjs/operators/first.js.FirstSubscriber._complete @ first.js:147
webpackJsonp.../../../../rxjs/Subscriber.js.Subscriber.complete @ Subscriber.js:115
(anonymous) @ spy-core.js:323
notify_ @ spy-core.js:307
complete @ spy-core.js:323
wrappedComplete @ Subscriber.js:222
webpackJsonp.../../../../rxjs/Subscriber.js.SafeSubscriber.__tryOrSetError @ Subscriber.js:248
webpackJsonp.../../../../rxjs/Subscriber.js.SafeSubscriber.complete @ Subscriber.js:228
webpackJsonp.../../../../rxjs/Subscriber.js.Subscriber._complete @ Subscriber.js:133
webpackJsonp.../../../../rxjs/Subscriber.js.Subscriber.complete @ Subscriber.js:115
complete @ spy-core.js:344
wrappedComplete @ Subscriber.js:222
webpackJsonp.../../../../rxjs/Subscriber.js.SafeSubscriber.__tryOrSetError @ Subscriber.js:248
webpackJsonp.../../../../rxjs/Subscriber.js.SafeSubscriber.complete @ Subscriber.js:228
webpackJsonp.../../../../rxjs/Subscriber.js.Subscriber._complete @ Subscriber.js:133
webpackJsonp.../../../../rxjs/Subscriber.js.Subscriber.complete @ Subscriber.js:115
webpackJsonp.../../../../rxjs/operators/mergeMap.js.MergeMapSubscriber._complete @ mergeMap.js:137
webpackJsonp.../../../../rxjs/Subscriber.js.Subscriber.complete @ Subscriber.js:115
(anonymous) @ spy-core.js:323
notify_ @ spy-core.js:307
complete @ spy-core.js:323
wrappedComplete @ Subscriber.js:222
webpackJsonp.../../../../rxjs/Subscriber.js.SafeSubscriber.__tryOrSetError @ Subscriber.js:248
webpackJsonp.../../../../rxjs/Subscriber.js.SafeSubscriber.complete @ Subscriber.js:228
webpackJsonp.../../../../rxjs/Subscriber.js.Subscriber._complete @ Subscriber.js:133
webpackJsonp.../../../../rxjs/Subscriber.js.Subscriber.complete @ Subscriber.js:115
complete @ spy-core.js:344
wrappedComplete @ Subscriber.js:222
webpackJsonp.../../../../rxjs/Subscriber.js.SafeSubscriber.__tryOrSetError @ Subscriber.js:248
webpackJsonp.../../../../rxjs/Subscriber.js.SafeSubscriber.complete @ Subscriber.js:228
webpackJsonp.../../../../rxjs/Subscriber.js.Subscriber._complete @ Subscriber.js:133
webpackJsonp.../../../../rxjs/Subscriber.js.Subscriber.complete @ Subscriber.js:115
webpackJsonp.../../../../rxjs/Subscriber.js.Subscriber._complete @ Subscriber.js:133
webpackJsonp.../../../../rxjs/Subscriber.js.Subscriber.complete @ Subscriber.js:115
(anonymous) @ spy-core.js:323
notify_ @ spy-core.js:307
complete @ spy-core.js:323
wrappedComplete @ Subscriber.js:222
webpackJsonp.../../../../rxjs/Subscriber.js.SafeSubscriber.__tryOrSetError @ Subscriber.js:248
webpackJsonp.../../../../rxjs/Subscriber.js.SafeSubscriber.complete @ Subscriber.js:228
webpackJsonp.../../../../rxjs/Subscriber.js.Subscriber._complete @ Subscriber.js:133
webpackJsonp.../../../../rxjs/Subscriber.js.Subscriber.complete @ Subscriber.js:115
complete @ spy-core.js:344
wrappedComplete @ Subscriber.js:222
webpackJsonp.../../../../rxjs/Subscriber.js.SafeSubscriber.__tryOrSetError @ Subscriber.js:248
webpackJsonp.../../../../rxjs/Subscriber.js.SafeSubscriber.complete @ Subscriber.js:228
webpackJsonp.../../../../rxjs/Subscriber.js.Subscriber._complete @ Subscriber.js:133
webpackJsonp.../../../../rxjs/Subscriber.js.Subscriber.complete @ Subscriber.js:115
webpackJsonp.../../../../rxjs/observable/EmptyObservable.js.EmptyObservable._subscribe @ EmptyObservable.js:75
webpackJsonp.../../../../rxjs/Observable.js.Observable._trySubscribe @ Observable.js:172
webpackJsonp.../../../../rxjs/Observable.js.Observable.subscribe @ Observable.js:160
(anonymous) @ spy-core.js:428
notify_ @ spy-core.js:307
webpackJsonp.../../../../rxjs-spy/spy-core.js.SpyCore.coreSubscribe_ @ spy-core.js:428
webpackJsonp.../../../../rxjs/operators/map.js.MapOperator.call @ map.js:56
webpackJsonp.../../../../rxjs/Observable.js.Observable.subscribe @ Observable.js:157
(anonymous) @ spy-core.js:428
notify_ @ spy-core.js:307
webpackJsonp.../../../../rxjs-spy/spy-core.js.SpyCore.coreSubscribe_ @ spy-core.js:428
webpackJsonp.../../../../rxjs/operators/mergeMap.js.MergeMapOperator.call @ mergeMap.js:87
webpackJsonp.../../../../rxjs/Observable.js.Observable.subscribe @ Observable.js:157
(anonymous) @ spy-core.js:428
notify_ @ spy-core.js:307
webpackJsonp.../../../../rxjs-spy/spy-core.js.SpyCore.coreSubscribe_ @ spy-core.js:428
webpackJsonp.../../../../rxjs/operators/first.js.FirstOperator.call @ first.js:70
webpackJsonp.../../../../rxjs/Observable.js.Observable.subscribe @ Observable.js:157
(anonymous) @ spy-core.js:428
notify_ @ spy-core.js:307
webpackJsonp.../../../../rxjs-spy/spy-core.js.SpyCore.coreSubscribe_ @ spy-core.js:428
webpackJsonp.../../../../rxjs/operators/catchError.js.CatchOperator.call @ catchError.js:79
webpackJsonp.../../../../rxjs/Observable.js.Observable.subscribe @ Observable.js:157
(anonymous) @ spy-core.js:428
notify_ @ spy-core.js:307
webpackJsonp.../../../../rxjs-spy/spy-core.js.SpyCore.coreSubscribe_ @ spy-core.js:428
webpackJsonp.../../../../rxjs/operators/map.js.MapOperator.call @ map.js:56
webpackJsonp.../../../../rxjs/Observable.js.Observable.subscribe @ Observable.js:157
(anonymous) @ spy-core.js:428
notify_ @ spy-core.js:307
webpackJsonp.../../../../rxjs-spy/spy-core.js.SpyCore.coreSubscribe_ @ spy-core.js:428
subscribeToResult @ subscribeToResult.js:23
webpackJsonp.../../../../rxjs/operators/mergeMap.js.MergeMapSubscriber._innerSub @ mergeMap.js:132
webpackJsonp.../../../../rxjs/operators/mergeMap.js.MergeMapSubscriber._tryNext @ mergeMap.js:129
webpackJsonp.../../../../rxjs/operators/mergeMap.js.MergeMapSubscriber._next @ mergeMap.js:112
webpackJsonp.../../../../rxjs/Subscriber.js.Subscriber.next @ Subscriber.js:90
(anonymous) @ spy-core.js:332
notify_ @ spy-core.js:307
next @ spy-core.js:332
webpackJsonp.../../../../rxjs/Subscriber.js.SafeSubscriber.__tryOrSetError @ Subscriber.js:248
webpackJsonp.../../../../rxjs/Subscriber.js.SafeSubscriber.next @ Subscriber.js:188
webpackJsonp.../../../../rxjs/Subscriber.js.Subscriber._next @ Subscriber.js:126
webpackJsonp.../../../../rxjs/Subscriber.js.Subscriber.next @ Subscriber.js:90
next @ spy-core.js:387
webpackJsonp.../../../../rxjs/Subscriber.js.SafeSubscriber.__tryOrSetError @ Subscriber.js:248
webpackJsonp.../../../../rxjs/Subscriber.js.SafeSubscriber.next @ Subscriber.js:188
webpackJsonp.../../../../rxjs/Subscriber.js.Subscriber._next @ Subscriber.js:126
webpackJsonp.../../../../rxjs/Subscriber.js.Subscriber.next @ Subscriber.js:90
webpackJsonp.../../../../rxjs/observable/ScalarObservable.js.ScalarObservable._subscribe @ ScalarObservable.js:49
webpackJsonp.../../../../rxjs/Observable.js.Observable._trySubscribe @ Observable.js:172
webpackJsonp.../../../../rxjs/Observable.js.Observable.subscribe @ Observable.js:160
(anonymous) @ spy-core.js:428
notify_ @ spy-core.js:307
webpackJsonp.../../../../rxjs-spy/spy-core.js.SpyCore.coreSubscribe_ @ spy-core.js:428
webpackJsonp.../../../../rxjs/operators/mergeMap.js.MergeMapOperator.call @ mergeMap.js:87
webpackJsonp.../../../../rxjs/Observable.js.Observable.subscribe @ Observable.js:157
(anonymous) @ spy-core.js:428
notify_ @ spy-core.js:307
webpackJsonp.../../../../rxjs-spy/spy-core.js.SpyCore.coreSubscribe_ @ spy-core.js:428
webpackJsonp.../../../../rxjs/operators/catchError.js.CatchOperator.call @ catchError.js:79
webpackJsonp.../../../../rxjs/Observable.js.Observable.subscribe @ Observable.js:157
(anonymous) @ spy-core.js:428
notify_ @ spy-core.js:307
webpackJsonp.../../../../rxjs-spy/spy-core.js.SpyCore.coreSubscribe_ @ spy-core.js:428
subscribeToResult @ subscribeToResult.js:23
webpackJsonp.../../../../rxjs/operators/mergeMap.js.MergeMapSubscriber._innerSub @ mergeMap.js:132
webpackJsonp.../../../../rxjs/operators/mergeMap.js.MergeMapSubscriber._tryNext @ mergeMap.js:129
webpackJsonp.../../../../rxjs/operators/mergeMap.js.MergeMapSubscriber._next @ mergeMap.js:112
webpackJsonp.../../../../rxjs/Subscriber.js.Subscriber.next @ Subscriber.js:90
(anonymous) @ spy-core.js:332
notify_ @ spy-core.js:307
next @ spy-core.js:332
webpackJsonp.../../../../rxjs/Subscriber.js.SafeSubscriber.__tryOrSetError @ Subscriber.js:248
webpackJsonp.../../../../rxjs/Subscriber.js.SafeSubscriber.next @ Subscriber.js:188
webpackJsonp.../../../../rxjs/Subscriber.js.Subscriber._next @ Subscriber.js:126
webpackJsonp.../../../../rxjs/Subscriber.js.Subscriber.next @ Subscriber.js:90
next @ spy-core.js:387
webpackJsonp.../../../../rxjs/Subscriber.js.SafeSubscriber.__tryOrSetError @ Subscriber.js:248
webpackJsonp.../../../../rxjs/Subscriber.js.SafeSubscriber.next @ Subscriber.js:188
webpackJsonp.../../../../rxjs/Subscriber.js.Subscriber._next @ Subscriber.js:126
webpackJsonp.../../../../rxjs/Subscriber.js.Subscriber.next @ Subscriber.js:90
webpackJsonp.../../../../rxjs/operators/map.js.MapSubscriber._next @ map.js:85
webpackJsonp.../../../../rxjs/Subscriber.js.Subscriber.next @ Subscriber.js:90
(anonymous) @ spy-core.js:332
notify_ @ spy-core.js:307
next @ spy-core.js:332
webpackJsonp.../../../../rxjs/Subscriber.js.SafeSubscriber.__tryOrSetError @ Subscriber.js:248
webpackJsonp.../../../../rxjs/Subscriber.js.SafeSubscriber.next @ Subscriber.js:188
webpackJsonp.../../../../rxjs/Subscriber.js.Subscriber._next @ Subscriber.js:126
webpackJsonp.../../../../rxjs/Subscriber.js.Subscriber.next @ Subscriber.js:90
next @ spy-core.js:387
webpackJsonp.../../../../rxjs/Subscriber.js.SafeSubscriber.__tryOrSetError @ Subscriber.js:248
webpackJsonp.../../../../rxjs/Subscriber.js.SafeSubscriber.next @ Subscriber.js:188
webpackJsonp.../../../../rxjs/Subscriber.js.Subscriber._next @ Subscriber.js:126
webpackJsonp.../../../../rxjs/Subscriber.js.Subscriber.next @ Subscriber.js:90
webpackJsonp.../../../../rxjs/observable/ArrayObservable.js.ArrayObservable._subscribe @ ArrayObservable.js:114
webpackJsonp.../../../../rxjs/Observable.js.Observable._trySubscribe @ Observable.js:172
webpackJsonp.../../../../rxjs/Observable.js.Observable.subscribe @ Observable.js:160
(anonymous) @ spy-core.js:428
notify_ @ spy-core.js:307
webpackJsonp.../../../../rxjs-spy/spy-core.js.SpyCore.coreSubscribe_ @ spy-core.js:428
webpackJsonp.../../../../rxjs/operators/map.js.MapOperator.call @ map.js:56
webpackJsonp.../../../../rxjs/Observable.js.Observable.subscribe @ Observable.js:157
(anonymous) @ spy-core.js:428
notify_ @ spy-core.js:307
webpackJsonp.../../../../rxjs-spy/spy-core.js.SpyCore.coreSubscribe_ @ spy-core.js:428
webpackJsonp.../../../../rxjs/operators/mergeMap.js.MergeMapOperator.call @ mergeMap.js:87
webpackJsonp.../../../../rxjs/Observable.js.Observable.subscribe @ Observable.js:157
(anonymous) @ spy-core.js:428
notify_ @ spy-core.js:307
webpackJsonp.../../../../rxjs-spy/spy-core.js.SpyCore.coreSubscribe_ @ spy-core.js:428
webpackJsonp.../../../../rxjs/operators/first.js.FirstOperator.call @ first.js:70
webpackJsonp.../../../../rxjs/Observable.js.Observable.subscribe @ Observable.js:157
(anonymous) @ spy-core.js:428
notify_ @ spy-core.js:307
webpackJsonp.../../../../rxjs-spy/spy-core.js.SpyCore.coreSubscribe_ @ spy-core.js:428
webpackJsonp.../../../../rxjs/operators/catchError.js.CatchOperator.call @ catchError.js:79
webpackJsonp.../../../../rxjs/Observable.js.Observable.subscribe @ Observable.js:157
(anonymous) @ spy-core.js:428
notify_ @ spy-core.js:307
webpackJsonp.../../../../rxjs-spy/spy-core.js.SpyCore.coreSubscribe_ @ spy-core.js:428
webpackJsonp.../../../../rxjs/operators/map.js.MapOperator.call @ map.js:56
webpackJsonp.../../../../rxjs/Observable.js.Observable.subscribe @ Observable.js:157
(anonymous) @ spy-core.js:428
notify_ @ spy-core.js:307
webpackJsonp.../../../../rxjs-spy/spy-core.js.SpyCore.coreSubscribe_ @ spy-core.js:428
subscribeToResult @ subscribeToResult.js:23
Promise resolved (async)
scheduleMicroTask @ zone.js:585
webpackJsonp.../../../../zone.js/dist/zone.js.ZoneDelegate.scheduleTask @ zone.js:414
webpackJsonp.../../../../zone.js/dist/zone.js.Zone.scheduleTask @ zone.js:236
webpackJsonp.../../../../zone.js/dist/zone.js.Zone.scheduleMicroTask @ zone.js:256
scheduleResolveOrReject @ zone.js:871
ZoneAwarePromise.then @ zone.js:981
webpackJsonp.../../../core/@angular/core.es5.js.PlatformRef_._bootstrapModuleWithZone @ core.es5.js:4537
webpackJsonp.../../../core/@angular/core.es5.js.PlatformRef_.bootstrapModule @ core.es5.js:4522
../../../../../src/main.ts @ main.ts:41
__webpack_require__ @ bootstrap be1c19031ce888817f34:54
0 @ main.bundle.js:895
__webpack_require__ @ bootstrap be1c19031ce888817f34:54
webpackJsonpCallback @ bootstrap be1c19031ce888817f34:25
(anonymous) @ main.bundle.js:1
spy-core.js:327 Value passed as error notification is not an Error instance = NoMatch {segmentGroup: UrlSegmentGroup}
error @ spy-core.js:327
webpackJsonp.../../../../rxjs/Subscriber.js.SafeSubscriber.__tryOrSetError @ Subscriber.js:248
webpackJsonp.../../../../rxjs/Subscriber.js.SafeSubscriber.error @ Subscriber.js:202
webpackJsonp.../../../../rxjs/Subscriber.js.Subscriber._error @ Subscriber.js:129
webpackJsonp.../../../../rxjs/Subscriber.js.Subscriber.error @ Subscriber.js:103
error @ spy-core.js:354
webpackJsonp.../../../../rxjs/Subscriber.js.SafeSubscriber.__tryOrSetError @ Subscriber.js:248
webpackJsonp.../../../../rxjs/Subscriber.js.SafeSubscriber.error @ Subscriber.js:202
webpackJsonp.../../../../rxjs/Subscriber.js.Subscriber._error @ Subscriber.js:129
webpackJsonp.../../../../rxjs/Subscriber.js.Subscriber.error @ Subscriber.js:103
webpackJsonp.../../../../rxjs/Subscriber.js.Subscriber._error @ Subscriber.js:129
webpackJsonp.../../../../rxjs/Subscriber.js.Subscriber.error @ Subscriber.js:103
(anonymous) @ spy-core.js:329
notify_ @ spy-core.js:307
error @ spy-core.js:329
webpackJsonp.../../../../rxjs/Subscriber.js.SafeSubscriber.__tryOrSetError @ Subscriber.js:248
webpackJsonp.../../../../rxjs/Subscriber.js.SafeSubscriber.error @ Subscriber.js:202
webpackJsonp.../../../../rxjs/Subscriber.js.Subscriber._error @ Subscriber.js:129
webpackJsonp.../../../../rxjs/Subscriber.js.Subscriber.error @ Subscriber.js:103
error @ spy-core.js:354
webpackJsonp.../../../../rxjs/Subscriber.js.SafeSubscriber.__tryOrSetError @ Subscriber.js:248
webpackJsonp.../../../../rxjs/Subscriber.js.SafeSubscriber.error @ Subscriber.js:202
webpackJsonp.../../../../rxjs/Subscriber.js.Subscriber._error @ Subscriber.js:129
webpackJsonp.../../../../rxjs/Subscriber.js.Subscriber.error @ Subscriber.js:103
webpackJsonp.../../../../rxjs/Subscriber.js.Subscriber._error @ Subscriber.js:129
webpackJsonp.../../../../rxjs/Subscriber.js.Subscriber.error @ Subscriber.js:103
webpackJsonp.../../../../rxjs/operators/catchError.js.CatchSubscriber.error @ catchError.js:107
(anonymous) @ spy-core.js:329
notify_ @ spy-core.js:307
error @ spy-core.js:329
webpackJsonp.../../../../rxjs/Subscriber.js.SafeSubscriber.__tryOrSetError @ Subscriber.js:248
webpackJsonp.../../../../rxjs/Subscriber.js.SafeSubscriber.error @ Subscriber.js:202
webpackJsonp.../../../../rxjs/Subscriber.js.Subscriber._error @ Subscriber.js:129
webpackJsonp.../../../../rxjs/Subscriber.js.Subscriber.error @ Subscriber.js:103
error @ spy-core.js:354
webpackJsonp.../../../../rxjs/Subscriber.js.SafeSubscriber.__tryOrSetError @ Subscriber.js:248
webpackJsonp.../../../../rxjs/Subscriber.js.SafeSubscriber.error @ Subscriber.js:202
webpackJsonp.../../../../rxjs/Subscriber.js.Subscriber._error @ Subscriber.js:129
webpackJsonp.../../../../rxjs/Subscriber.js.Subscriber.error @ Subscriber.js:103
webpackJsonp.../../../../rxjs/operators/first.js.FirstSubscriber._complete @ first.js:147
webpackJsonp.../../../../rxjs/Subscriber.js.Subscriber.complete @ Subscriber.js:115
(anonymous) @ spy-core.js:323
notify_ @ spy-core.js:307
complete @ spy-core.js:323
wrappedComplete @ Subscriber.js:222
webpackJsonp.../../../../rxjs/Subscriber.js.SafeSubscriber.__tryOrSetError @ Subscriber.js:248
webpackJsonp.../../../../rxjs/Subscriber.js.SafeSubscriber.complete @ Subscriber.js:228
webpackJsonp.../../../../rxjs/Subscriber.js.Subscriber._complete @ Subscriber.js:133
webpackJsonp.../../../../rxjs/Subscriber.js.Subscriber.complete @ Subscriber.js:115
complete @ spy-core.js:344
wrappedComplete @ Subscriber.js:222
webpackJsonp.../../../../rxjs/Subscriber.js.SafeSubscriber.__tryOrSetError @ Subscriber.js:248
webpackJsonp.../../../../rxjs/Subscriber.js.SafeSubscriber.complete @ Subscriber.js:228
webpackJsonp.../../../../rxjs/Subscriber.js.Subscriber._complete @ Subscriber.js:133
webpackJsonp.../../../../rxjs/Subscriber.js.Subscriber.complete @ Subscriber.js:115
webpackJsonp.../../../../rxjs/operators/mergeMap.js.MergeMapSubscriber._complete @ mergeMap.js:137
webpackJsonp.../../../../rxjs/Subscriber.js.Subscriber.complete @ Subscriber.js:115
(anonymous) @ spy-core.js:323
notify_ @ spy-core.js:307
complete @ spy-core.js:323
wrappedComplete @ Subscriber.js:222
webpackJsonp.../../../../rxjs/Subscriber.js.SafeSubscriber.__tryOrSetError @ Subscriber.js:248
webpackJsonp.../../../../rxjs/Subscriber.js.SafeSubscriber.complete @ Subscriber.js:228
webpackJsonp.../../../../rxjs/Subscriber.js.Subscriber._complete @ Subscriber.js:133
webpackJsonp.../../../../rxjs/Subscriber.js.Subscriber.complete @ Subscriber.js:115
complete @ spy-core.js:344
wrappedComplete @ Subscriber.js:222
webpackJsonp.../../../../rxjs/Subscriber.js.SafeSubscriber.__tryOrSetError @ Subscriber.js:248
webpackJsonp.../../../../rxjs/Subscriber.js.SafeSubscriber.complete @ Subscriber.js:228
webpackJsonp.../../../../rxjs/Subscriber.js.Subscriber._complete @ Subscriber.js:133
webpackJsonp.../../../../rxjs/Subscriber.js.Subscriber.complete @ Subscriber.js:115
webpackJsonp.../../../../rxjs/Subscriber.js.Subscriber._complete @ Subscriber.js:133
webpackJsonp.../../../../rxjs/Subscriber.js.Subscriber.complete @ Subscriber.js:115
(anonymous) @ spy-core.js:323
notify_ @ spy-core.js:307
complete @ spy-core.js:323
wrappedComplete @ Subscriber.js:222
webpackJsonp.../../../../rxjs/Subscriber.js.SafeSubscriber.__tryOrSetError @ Subscriber.js:248
webpackJsonp.../../../../rxjs/Subscriber.js.SafeSubscriber.complete @ Subscriber.js:228
webpackJsonp.../../../../rxjs/Subscriber.js.Subscriber._complete @ Subscriber.js:133
webpackJsonp.../../../../rxjs/Subscriber.js.Subscriber.complete @ Subscriber.js:115
complete @ spy-core.js:344
wrappedComplete @ Subscriber.js:222
webpackJsonp.../../../../rxjs/Subscriber.js.SafeSubscriber.__tryOrSetError @ Subscriber.js:248
webpackJsonp.../../../../rxjs/Subscriber.js.SafeSubscriber.complete @ Subscriber.js:228
webpackJsonp.../../../../rxjs/Subscriber.js.Subscriber._complete @ Subscriber.js:133
webpackJsonp.../../../../rxjs/Subscriber.js.Subscriber.complete @ Subscriber.js:115
webpackJsonp.../../../../rxjs/observable/EmptyObservable.js.EmptyObservable._subscribe @ EmptyObservable.js:75
webpackJsonp.../../../../rxjs/Observable.js.Observable._trySubscribe @ Observable.js:172
webpackJsonp.../../../../rxjs/Observable.js.Observable.subscribe @ Observable.js:160
(anonymous) @ spy-core.js:428
notify_ @ spy-core.js:307
webpackJsonp.../../../../rxjs-spy/spy-core.js.SpyCore.coreSubscribe_ @ spy-core.js:428
webpackJsonp.../../../../rxjs/operators/map.js.MapOperator.call @ map.js:56
webpackJsonp.../../../../rxjs/Observable.js.Observable.subscribe @ Observable.js:157
(anonymous) @ spy-core.js:428
notify_ @ spy-core.js:307
webpackJsonp.../../../../rxjs-spy/spy-core.js.SpyCore.coreSubscribe_ @ spy-core.js:428
webpackJsonp.../../../../rxjs/operators/mergeMap.js.MergeMapOperator.call @ mergeMap.js:87
webpackJsonp.../../../../rxjs/Observable.js.Observable.subscribe @ Observable.js:157
(anonymous) @ spy-core.js:428
notify_ @ spy-core.js:307
webpackJsonp.../../../../rxjs-spy/spy-core.js.SpyCore.coreSubscribe_ @ spy-core.js:428
webpackJsonp.../../../../rxjs/operators/first.js.FirstOperator.call @ first.js:70
webpackJsonp.../../../../rxjs/Observable.js.Observable.subscribe @ Observable.js:157
(anonymous) @ spy-core.js:428
notify_ @ spy-core.js:307
webpackJsonp.../../../../rxjs-spy/spy-core.js.SpyCore.coreSubscribe_ @ spy-core.js:428
webpackJsonp.../../../../rxjs/operators/catchError.js.CatchOperator.call @ catchError.js:79
webpackJsonp.../../../../rxjs/Observable.js.Observable.subscribe @ Observable.js:157
(anonymous) @ spy-core.js:428
notify_ @ spy-core.js:307
webpackJsonp.../../../../rxjs-spy/spy-core.js.SpyCore.coreSubscribe_ @ spy-core.js:428
webpackJsonp.../../../../rxjs/operators/map.js.MapOperator.call @ map.js:56
webpackJsonp.../../../../rxjs/Observable.js.Observable.subscribe @ Observable.js:157
(anonymous) @ spy-core.js:428
notify_ @ spy-core.js:307
webpackJsonp.../../../../rxjs-spy/spy-core.js.SpyCore.coreSubscribe_ @ spy-core.js:428
subscribeToResult @ subscribeToResult.js:23
webpackJsonp.../../../../rxjs/operators/mergeMap.js.MergeMapSubscriber._innerSub @ mergeMap.js:132
webpackJsonp.../../../../rxjs/operators/mergeMap.js.MergeMapSubscriber._tryNext @ mergeMap.js:129
webpackJsonp.../../../../rxjs/operators/mergeMap.js.MergeMapSubscriber._next @ mergeMap.js:112
webpackJsonp.../../../../rxjs/Subscriber.js.Subscriber.next @ Subscriber.js:90
(anonymous) @ spy-core.js:332
notify_ @ spy-core.js:307
next @ spy-core.js:332
webpackJsonp.../../../../rxjs/Subscriber.js.SafeSubscriber.__tryOrSetError @ Subscriber.js:248
webpackJsonp.../../../../rxjs/Subscriber.js.SafeSubscriber.next @ Subscriber.js:188
webpackJsonp.../../../../rxjs/Subscriber.js.Subscriber._next @ Subscriber.js:126
webpackJsonp.../../../../rxjs/Subscriber.js.Subscriber.next @ Subscriber.js:90
next @ spy-core.js:387
webpackJsonp.../../../../rxjs/Subscriber.js.SafeSubscriber.__tryOrSetError @ Subscriber.js:248
webpackJsonp.../../../../rxjs/Subscriber.js.SafeSubscriber.next @ Subscriber.js:188
webpackJsonp.../../../../rxjs/Subscriber.js.Subscriber._next @ Subscriber.js:126
webpackJsonp.../../../../rxjs/Subscriber.js.Subscriber.next @ Subscriber.js:90
webpackJsonp.../../../../rxjs/observable/ScalarObservable.js.ScalarObservable._subscribe @ ScalarObservable.js:49
webpackJsonp.../../../../rxjs/Observable.js.Observable._trySubscribe @ Observable.js:172
webpackJsonp.../../../../rxjs/Observable.js.Observable.subscribe @ Observable.js:160
(anonymous) @ spy-core.js:428
notify_ @ spy-core.js:307
webpackJsonp.../../../../rxjs-spy/spy-core.js.SpyCore.coreSubscribe_ @ spy-core.js:428
webpackJsonp.../../../../rxjs/operators/mergeMap.js.MergeMapOperator.call @ mergeMap.js:87
webpackJsonp.../../../../rxjs/Observable.js.Observable.subscribe @ Observable.js:157
(anonymous) @ spy-core.js:428
notify_ @ spy-core.js:307
webpackJsonp.../../../../rxjs-spy/spy-core.js.SpyCore.coreSubscribe_ @ spy-core.js:428
webpackJsonp.../../../../rxjs/operators/catchError.js.CatchOperator.call @ catchError.js:79
webpackJsonp.../../../../rxjs/Observable.js.Observable.subscribe @ Observable.js:157
(anonymous) @ spy-core.js:428
notify_ @ spy-core.js:307
webpackJsonp.../../../../rxjs-spy/spy-core.js.SpyCore.coreSubscribe_ @ spy-core.js:428
subscribeToResult @ subscribeToResult.js:23
webpackJsonp.../../../../rxjs/operators/mergeMap.js.MergeMapSubscriber._innerSub @ mergeMap.js:132
webpackJsonp.../../../../rxjs/operators/mergeMap.js.MergeMapSubscriber._tryNext @ mergeMap.js:129
webpackJsonp.../../../../rxjs/operators/mergeMap.js.MergeMapSubscriber._next @ mergeMap.js:112
webpackJsonp.../../../../rxjs/Subscriber.js.Subscriber.next @ Subscriber.js:90
(anonymous) @ spy-core.js:332
notify_ @ spy-core.js:307
next @ spy-core.js:332
webpackJsonp.../../../../rxjs/Subscriber.js.SafeSubscriber.__tryOrSetError @ Subscriber.js:248
webpackJsonp.../../../../rxjs/Subscriber.js.SafeSubscriber.next @ Subscriber.js:188
webpackJsonp.../../../../rxjs/Subscriber.js.Subscriber._next @ Subscriber.js:126
webpackJsonp.../../../../rxjs/Subscriber.js.Subscriber.next @ Subscriber.js:90
next @ spy-core.js:387
webpackJsonp.../../../../rxjs/Subscriber.js.SafeSubscriber.__tryOrSetError @ Subscriber.js:248
webpackJsonp.../../../../rxjs/Subscriber.js.SafeSubscriber.next @ Subscriber.js:188
webpackJsonp.../../../../rxjs/Subscriber.js.Subscriber._next @ Subscriber.js:126
webpackJsonp.../../../../rxjs/Subscriber.js.Subscriber.next @ Subscriber.js:90
webpackJsonp.../../../../rxjs/operators/map.js.MapSubscriber._next @ map.js:85
webpackJsonp.../../../../rxjs/Subscriber.js.Subscriber.next @ Subscriber.js:90
(anonymous) @ spy-core.js:332
notify_ @ spy-core.js:307
next @ spy-core.js:332
webpackJsonp.../../../../rxjs/Subscriber.js.SafeSubscriber.__tryOrSetError @ Subscriber.js:248
webpackJsonp.../../../../rxjs/Subscriber.js.SafeSubscriber.next @ Subscriber.js:188
webpackJsonp.../../../../rxjs/Subscriber.js.Subscriber._next @ Subscriber.js:126
webpackJsonp.../../../../rxjs/Subscriber.js.Subscriber.next @ Subscriber.js:90
next @ spy-core.js:387
webpackJsonp.../../../../rxjs/Subscriber.js.SafeSubscriber.__tryOrSetError @ Subscriber.js:248
webpackJsonp.../../../../rxjs/Subscriber.js.SafeSubscriber.next @ Subscriber.js:188
webpackJsonp.../../../../rxjs/Subscriber.js.Subscriber._next @ Subscriber.js:126
webpackJsonp.../../../../rxjs/Subscriber.js.Subscriber.next @ Subscriber.js:90
webpackJsonp.../../../../rxjs/observable/ArrayObservable.js.ArrayObservable._subscribe @ ArrayObservable.js:114
webpackJsonp.../../../../rxjs/Observable.js.Observable._trySubscribe @ Observable.js:172
webpackJsonp.../../../../rxjs/Observable.js.Observable.subscribe @ Observable.js:160
(anonymous) @ spy-core.js:428
notify_ @ spy-core.js:307
webpackJsonp.../../../../rxjs-spy/spy-core.js.SpyCore.coreSubscribe_ @ spy-core.js:428
webpackJsonp.../../../../rxjs/operators/map.js.MapOperator.call @ map.js:56
webpackJsonp.../../../../rxjs/Observable.js.Observable.subscribe @ Observable.js:157
(anonymous) @ spy-core.js:428
notify_ @ spy-core.js:307
webpackJsonp.../../../../rxjs-spy/spy-core.js.SpyCore.coreSubscribe_ @ spy-core.js:428
webpackJsonp.../../../../rxjs/operators/mergeMap.js.MergeMapOperator.call @ mergeMap.js:87
webpackJsonp.../../../../rxjs/Observable.js.Observable.subscribe @ Observable.js:157
(anonymous) @ spy-core.js:428
notify_ @ spy-core.js:307
webpackJsonp.../../../../rxjs-spy/spy-core.js.SpyCore.coreSubscribe_ @ spy-core.js:428
webpackJsonp.../../../../rxjs/operators/first.js.FirstOperator.call @ first.js:70
webpackJsonp.../../../../rxjs/Observable.js.Observable.subscribe @ Observable.js:157
Promise resolved (async)
scheduleMicroTask @ zone.js:585
webpackJsonp.../../../../zone.js/dist/zone.js.ZoneDelegate.scheduleTask @ zone.js:414
webpackJsonp.../../../../zone.js/dist/zone.js.Zone.scheduleTask @ zone.js:236
webpackJsonp.../../../../zone.js/dist/zone.js.Zone.scheduleMicroTask @ zone.js:256
scheduleResolveOrReject @ zone.js:871
ZoneAwarePromise.then @ zone.js:981
webpackJsonp.../../../core/@angular/core.es5.js.PlatformRef_._bootstrapModuleWithZone @ core.es5.js:4537
webpackJsonp.../../../core/@angular/core.es5.js.PlatformRef_.bootstrapModule @ core.es5.js:4522
../../../../../src/main.ts @ main.ts:41
__webpack_require__ @ bootstrap be1c19031ce888817f34:54
0 @ main.bundle.js:895
__webpack_require__ @ bootstrap be1c19031ce888817f34:54
webpackJsonpCallback @ bootstrap be1c19031ce888817f34:25
(anonymous) @ main.bundle.js:1
spy-core.js:327 Value passed as error notification is not an Error instance = NoMatch {segmentGroup: UrlSegmentGroup}
error @ spy-core.js:327
webpackJsonp.../../../../rxjs/Subscriber.js.SafeSubscriber.__tryOrSetError @ Subscriber.js:248
webpackJsonp.../../../../rxjs/Subscriber.js.SafeSubscriber.error @ Subscriber.js:202
webpackJsonp.../../../../rxjs/Subscriber.js.Subscriber._error @ Subscriber.js:129
webpackJsonp.../../../../rxjs/Subscriber.js.Subscriber.error @ Subscriber.js:103
error @ spy-core.js:354
webpackJsonp.../../../../rxjs/Subscriber.js.SafeSubscriber.__tryOrSetError @ Subscriber.js:248
webpackJsonp.../../../../rxjs/Subscriber.js.SafeSubscriber.error @ Subscriber.js:202
webpackJsonp.../../../../rxjs/Subscriber.js.Subscriber._error @ Subscriber.js:129
webpackJsonp.../../../../rxjs/Subscriber.js.Subscriber.error @ Subscriber.js:103
webpackJsonp.../../../../rxjs/OuterSubscriber.js.OuterSubscriber.notifyError @ OuterSubscriber.js:22
webpackJsonp.../../../../rxjs/InnerSubscriber.js.InnerSubscriber._error @ InnerSubscriber.js:26
webpackJsonp.../../../../rxjs/Subscriber.js.Subscriber.error @ Subscriber.js:103
(anonymous) @ spy-core.js:329
notify_ @ spy-core.js:307
error @ spy-core.js:329
webpackJsonp.../../../../rxjs/Subscriber.js.SafeSubscriber.__tryOrSetError @ Subscriber.js:248
webpackJsonp.../../../../rxjs/Subscriber.js.SafeSubscriber.error @ Subscriber.js:202
webpackJsonp.../../../../rxjs/Subscriber.js.Subscriber._error @ Subscriber.js:129
webpackJsonp.../../../../rxjs/Subscriber.js.Subscriber.error @ Subscriber.js:103
error @ spy-core.js:354
webpackJsonp.../../../../rxjs/Subscriber.js.SafeSubscriber.__tryOrSetError @ Subscriber.js:248
webpackJsonp.../../../../rxjs/Subscriber.js.SafeSubscriber.error @ Subscriber.js:202
webpackJsonp.../../../../rxjs/Subscriber.js.Subscriber._error @ Subscriber.js:129
webpackJsonp.../../../../rxjs/Subscriber.js.Subscriber.error @ Subscriber.js:103
webpackJsonp.../../../../rxjs/Subscriber.js.Subscriber._error @ Subscriber.js:129
webpackJsonp.../../../../rxjs/Subscriber.js.Subscriber.error @ Subscriber.js:103
(anonymous) @ spy-core.js:329
notify_ @ spy-core.js:307
error @ spy-core.js:329
webpackJsonp.../../../../rxjs/Subscriber.js.SafeSubscriber.__tryOrSetError @ Subscriber.js:248
webpackJsonp.../../../../rxjs/Subscriber.js.SafeSubscriber.error @ Subscriber.js:202
webpackJsonp.../../../../rxjs/Subscriber.js.Subscriber._error @ Subscriber.js:129
webpackJsonp.../../../../rxjs/Subscriber.js.Subscriber.error @ Subscriber.js:103
error @ spy-core.js:354
webpackJsonp.../../../../rxjs/Subscriber.js.SafeSubscriber.__tryOrSetError @ Subscriber.js:248
webpackJsonp.../../../../rxjs/Subscriber.js.SafeSubscriber.error @ Subscriber.js:202
webpackJsonp.../../../../rxjs/Subscriber.js.Subscriber._error @ Subscriber.js:129
webpackJsonp.../../../../rxjs/Subscriber.js.Subscriber.error @ Subscriber.js:103
webpackJsonp.../../../../rxjs/Subscriber.js.Subscriber._error @ Subscriber.js:129
webpackJsonp.../../../../rxjs/Subscriber.js.Subscriber.error @ Subscriber.js:103
webpackJsonp.../../../../rxjs/operators/catchError.js.CatchSubscriber.error @ catchError.js:107
(anonymous) @ spy-core.js:329
notify_ @ spy-core.js:307
error @ spy-core.js:329
webpackJsonp.../../../../rxjs/Subscriber.js.SafeSubscriber.__tryOrSetError @ Subscriber.js:248
webpackJsonp.../../../../rxjs/Subscriber.js.SafeSubscriber.error @ Subscriber.js:202
webpackJsonp.../../../../rxjs/Subscriber.js.Subscriber._error @ Subscriber.js:129
webpackJsonp.../../../../rxjs/Subscriber.js.Subscriber.error @ Subscriber.js:103
error @ spy-core.js:354
webpackJsonp.../../../../rxjs/Subscriber.js.SafeSubscriber.__tryOrSetError @ Subscriber.js:248
webpackJsonp.../../../../rxjs/Subscriber.js.SafeSubscriber.error @ Subscriber.js:202
webpackJsonp.../../../../rxjs/Subscriber.js.Subscriber._error @ Subscriber.js:129
webpackJsonp.../../../../rxjs/Subscriber.js.Subscriber.error @ Subscriber.js:103
webpackJsonp.../../../../rxjs/operators/first.js.FirstSubscriber._complete @ first.js:147
webpackJsonp.../../../../rxjs/Subscriber.js.Subscriber.complete @ Subscriber.js:115
(anonymous) @ spy-core.js:323
notify_ @ spy-core.js:307
complete @ spy-core.js:323
wrappedComplete @ Subscriber.js:222
webpackJsonp.../../../../rxjs/Subscriber.js.SafeSubscriber.__tryOrSetError @ Subscriber.js:248
webpackJsonp.../../../../rxjs/Subscriber.js.SafeSubscriber.complete @ Subscriber.js:228
webpackJsonp.../../../../rxjs/Subscriber.js.Subscriber._complete @ Subscriber.js:133
webpackJsonp.../../../../rxjs/Subscriber.js.Subscriber.complete @ Subscriber.js:115
complete @ spy-core.js:344
wrappedComplete @ Subscriber.js:222
webpackJsonp.../../../../rxjs/Subscriber.js.SafeSubscriber.__tryOrSetError @ Subscriber.js:248
webpackJsonp.../../../../rxjs/Subscriber.js.SafeSubscriber.complete @ Subscriber.js:228
webpackJsonp.../../../../rxjs/Subscriber.js.Subscriber._complete @ Subscriber.js:133
webpackJsonp.../../../../rxjs/Subscriber.js.Subscriber.complete @ Subscriber.js:115
webpackJsonp.../../../../rxjs/operators/mergeMap.js.MergeMapSubscriber._complete @ mergeMap.js:137
webpackJsonp.../../../../rxjs/Subscriber.js.Subscriber.complete @ Subscriber.js:115
(anonymous) @ spy-core.js:323
notify_ @ spy-core.js:307
complete @ spy-core.js:323
wrappedComplete @ Subscriber.js:222
webpackJsonp.../../../../rxjs/Subscriber.js.SafeSubscriber.__tryOrSetError @ Subscriber.js:248
webpackJsonp.../../../../rxjs/Subscriber.js.SafeSubscriber.complete @ Subscriber.js:228
webpackJsonp.../../../../rxjs/Subscriber.js.Subscriber._complete @ Subscriber.js:133
webpackJsonp.../../../../rxjs/Subscriber.js.Subscriber.complete @ Subscriber.js:115
complete @ spy-core.js:344
wrappedComplete @ Subscriber.js:222
webpackJsonp.../../../../rxjs/Subscriber.js.SafeSubscriber.__tryOrSetError @ Subscriber.js:248
webpackJsonp.../../../../rxjs/Subscriber.js.SafeSubscriber.complete @ Subscriber.js:228
webpackJsonp.../../../../rxjs/Subscriber.js.Subscriber._complete @ Subscriber.js:133
webpackJsonp.../../../../rxjs/Subscriber.js.Subscriber.complete @ Subscriber.js:115
webpackJsonp.../../../../rxjs/Subscriber.js.Subscriber._complete @ Subscriber.js:133
webpackJsonp.../../../../rxjs/Subscriber.js.Subscriber.complete @ Subscriber.js:115
(anonymous) @ spy-core.js:323
notify_ @ spy-core.js:307
complete @ spy-core.js:323
wrappedComplete @ Subscriber.js:222
webpackJsonp.../../../../rxjs/Subscriber.js.SafeSubscriber.__tryOrSetError @ Subscriber.js:248
webpackJsonp.../../../../rxjs/Subscriber.js.SafeSubscriber.complete @ Subscriber.js:228
webpackJsonp.../../../../rxjs/Subscriber.js.Subscriber._complete @ Subscriber.js:133
webpackJsonp.../../../../rxjs/Subscriber.js.Subscriber.complete @ Subscriber.js:115
complete @ spy-core.js:344
wrappedComplete @ Subscriber.js:222
webpackJsonp.../../../../rxjs/Subscriber.js.SafeSubscriber.__tryOrSetError @ Subscriber.js:248
webpackJsonp.../../../../rxjs/Subscriber.js.SafeSubscriber.complete @ Subscriber.js:228
webpackJsonp.../../../../rxjs/Subscriber.js.Subscriber._complete @ Subscriber.js:133
webpackJsonp.../../../../rxjs/Subscriber.js.Subscriber.complete @ Subscriber.js:115
webpackJsonp.../../../../rxjs/observable/EmptyObservable.js.EmptyObservable._subscribe @ EmptyObservable.js:75
webpackJsonp.../../../../rxjs/Observable.js.Observable._trySubscribe @ Observable.js:172
webpackJsonp.../../../../rxjs/Observable.js.Observable.subscribe @ Observable.js:160
(anonymous) @ spy-core.js:428
notify_ @ spy-core.js:307
webpackJsonp.../../../../rxjs-spy/spy-core.js.SpyCore.coreSubscribe_ @ spy-core.js:428
webpackJsonp.../../../../rxjs/operators/map.js.MapOperator.call @ map.js:56
webpackJsonp.../../../../rxjs/Observable.js.Observable.subscribe @ Observable.js:157
(anonymous) @ spy-core.js:428
notify_ @ spy-core.js:307
webpackJsonp.../../../../rxjs-spy/spy-core.js.SpyCore.coreSubscribe_ @ spy-core.js:428
webpackJsonp.../../../../rxjs/operators/mergeMap.js.MergeMapOperator.call @ mergeMap.js:87
webpackJsonp.../../../../rxjs/Observable.js.Observable.subscribe @ Observable.js:157
(anonymous) @ spy-core.js:428
notify_ @ spy-core.js:307
webpackJsonp.../../../../rxjs-spy/spy-core.js.SpyCore.coreSubscribe_ @ spy-core.js:428
webpackJsonp.../../../../rxjs/operators/first.js.FirstOperator.call @ first.js:70
webpackJsonp.../../../../rxjs/Observable.js.Observable.subscribe @ Observable.js:157
(anonymous) @ spy-core.js:428
notify_ @ spy-core.js:307
webpackJsonp.../../../../rxjs-spy/spy-core.js.SpyCore.coreSubscribe_ @ spy-core.js:428
webpackJsonp.../../../../rxjs/operators/catchError.js.CatchOperator.call @ catchError.js:79
webpackJsonp.../../../../rxjs/Observable.js.Observable.subscribe @ Observable.js:157
(anonymous) @ spy-core.js:428
notify_ @ spy-core.js:307
webpackJsonp.../../../../rxjs-spy/spy-core.js.SpyCore.coreSubscribe_ @ spy-core.js:428
webpackJsonp.../../../../rxjs/operators/map.js.MapOperator.call @ map.js:56
webpackJsonp.../../../../rxjs/Observable.js.Observable.subscribe @ Observable.js:157
(anonymous) @ spy-core.js:428
notify_ @ spy-core.js:307
webpackJsonp.../../../../rxjs-spy/spy-core.js.SpyCore.coreSubscribe_ @ spy-core.js:428
subscribeToResult @ subscribeToResult.js:23
webpackJsonp.../../../../rxjs/operators/mergeMap.js.MergeMapSubscriber._innerSub @ mergeMap.js:132
webpackJsonp.../../../../rxjs/operators/mergeMap.js.MergeMapSubscriber._tryNext @ mergeMap.js:129
webpackJsonp.../../../../rxjs/operators/mergeMap.js.MergeMapSubscriber._next @ mergeMap.js:112
webpackJsonp.../../../../rxjs/Subscriber.js.Subscriber.next @ Subscriber.js:90
(anonymous) @ spy-core.js:332
notify_ @ spy-core.js:307
next @ spy-core.js:332
webpackJsonp.../../../../rxjs/Subscriber.js.SafeSubscriber.__tryOrSetError @ Subscriber.js:248
webpackJsonp.../../../../rxjs/Subscriber.js.SafeSubscriber.next @ Subscriber.js:188
webpackJsonp.../../../../rxjs/Subscriber.js.Subscriber._next @ Subscriber.js:126
webpackJsonp.../../../../rxjs/Subscriber.js.Subscriber.next @ Subscriber.js:90
next @ spy-core.js:387
webpackJsonp.../../../../rxjs/Subscriber.js.SafeSubscriber.__tryOrSetError @ Subscriber.js:248
webpackJsonp.../../../../rxjs/Subscriber.js.SafeSubscriber.next @ Subscriber.js:188
webpackJsonp.../../../../rxjs/Subscriber.js.Subscriber._next @ Subscriber.js:126
webpackJsonp.../../../../rxjs/Subscriber.js.Subscriber.next @ Subscriber.js:90
webpackJsonp.../../../../rxjs/observable/ScalarObservable.js.ScalarObservable._subscribe @ ScalarObservable.js:49
webpackJsonp.../../../../rxjs/Observable.js.Observable._trySubscribe @ Observable.js:172
webpackJsonp.../../../../rxjs/Observable.js.Observable.subscribe @ Observable.js:160
(anonymous) @ spy-core.js:428
notify_ @ spy-core.js:307
webpackJsonp.../../../../rxjs-spy/spy-core.js.SpyCore.coreSubscribe_ @ spy-core.js:428
webpackJsonp.../../../../rxjs/operators/mergeMap.js.MergeMapOperator.call @ mergeMap.js:87
webpackJsonp.../../../../rxjs/Observable.js.Observable.subscribe @ Observable.js:157
(anonymous) @ spy-core.js:428
notify_ @ spy-core.js:307
webpackJsonp.../../../../rxjs-spy/spy-core.js.SpyCore.coreSubscribe_ @ spy-core.js:428
webpackJsonp.../../../../rxjs/operators/catchError.js.CatchOperator.call @ catchError.js:79
webpackJsonp.../../../../rxjs/Observable.js.Observable.subscribe @ Observable.js:157
(anonymous) @ spy-core.js:428
notify_ @ spy-core.js:307
webpackJsonp.../../../../rxjs-spy/spy-core.js.SpyCore.coreSubscribe_ @ spy-core.js:428
subscribeToResult @ subscribeToResult.js:23
webpackJsonp.../../../../rxjs/operators/mergeMap.js.MergeMapSubscriber._innerSub @ mergeMap.js:132
webpackJsonp.../../../../rxjs/operators/mergeMap.js.MergeMapSubscriber._tryNext @ mergeMap.js:129
webpackJsonp.../../../../rxjs/operators/mergeMap.js.MergeMapSubscriber._next @ mergeMap.js:112
webpackJsonp.../../../../rxjs/Subscriber.js.Subscriber.next @ Subscriber.js:90
(anonymous) @ spy-core.js:332
notify_ @ spy-core.js:307
next @ spy-core.js:332
webpackJsonp.../../../../rxjs/Subscriber.js.SafeSubscriber.__tryOrSetError @ Subscriber.js:248
webpackJsonp.../../../../rxjs/Subscriber.js.SafeSubscriber.next @ Subscriber.js:188
webpackJsonp.../../../../rxjs/Subscriber.js.Subscriber._next @ Subscriber.js:126
webpackJsonp.../../../../rxjs/Subscriber.js.Subscriber.next @ Subscriber.js:90
next @ spy-core.js:387
webpackJsonp.../../../../rxjs/Subscriber.js.SafeSubscriber.__tryOrSetError @ Subscriber.js:248
webpackJsonp.../../../../rxjs/Subscriber.js.SafeSubscriber.next @ Subscriber.js:188
webpackJsonp.../../../../rxjs/Subscriber.js.Subscriber._next @ Subscriber.js:126
webpackJsonp.../../../../rxjs/Subscriber.js.Subscriber.next @ Subscriber.js:90
webpackJsonp.../../../../rxjs/operators/map.js.MapSubscriber._next @ map.js:85
webpackJsonp.../../../../rxjs/Subscriber.js.Subscriber.next @ Subscriber.js:90
(anonymous) @ spy-core.js:332
notify_ @ spy-core.js:307
next @ spy-core.js:332
webpackJsonp.../../../../rxjs/Subscriber.js.SafeSubscriber.__tryOrSetError @ Subscriber.js:248
webpackJsonp.../../../../rxjs/Subscriber.js.SafeSubscriber.next @ Subscriber.js:188
webpackJsonp.../../../../rxjs/Subscriber.js.Subscriber._next @ Subscriber.js:126
webpackJsonp.../../../../rxjs/Subscriber.js.Subscriber.next @ Subscriber.js:90
next @ spy-core.js:387
webpackJsonp.../../../../rxjs/Subscriber.js.SafeSubscriber.__tryOrSetError @ Subscriber.js:248
webpackJsonp.../../../../rxjs/Subscriber.js.SafeSubscriber.next @ Subscriber.js:188
webpackJsonp.../../../../rxjs/Subscriber.js.Subscriber._next @ Subscriber.js:126
webpackJsonp.../../../../rxjs/Subscriber.js.Subscriber.next @ Subscriber.js:90
webpackJsonp.../../../../rxjs/observable/ArrayObservable.js.ArrayObservable._subscribe @ ArrayObservable.js:114
webpackJsonp.../../../../rxjs/Observable.js.Observable._trySubscribe @ Observable.js:172
webpackJsonp.../../../../rxjs/Observable.js.Observable.subscribe @ Observable.js:160
Promise resolved (async)
scheduleMicroTask @ zone.js:585
webpackJsonp.../../../../zone.js/dist/zone.js.ZoneDelegate.scheduleTask @ zone.js:414
webpackJsonp.../../../../zone.js/dist/zone.js.Zone.scheduleTask @ zone.js:236
webpackJsonp.../../../../zone.js/dist/zone.js.Zone.scheduleMicroTask @ zone.js:256
scheduleResolveOrReject @ zone.js:871
ZoneAwarePromise.then @ zone.js:981
webpackJsonp.../../../core/@angular/core.es5.js.PlatformRef_._bootstrapModuleWithZone @ core.es5.js:4537
webpackJsonp.../../../core/@angular/core.es5.js.PlatformRef_.bootstrapModule @ core.es5.js:4522
../../../../../src/main.ts @ main.ts:41
__webpack_require__ @ bootstrap be1c19031ce888817f34:54
0 @ main.bundle.js:895
__webpack_require__ @ bootstrap be1c19031ce888817f34:54
webpackJsonpCallback @ bootstrap be1c19031ce888817f34:25
(anonymous) @ main.bundle.js:1
main.ts:14 Effects GetTodos$ > actions$ {type: "GET_TODOS"}
main.ts:14 Effects GetTodos$ > ofType GET_TODOS {type: "GET_TODOS"}
main.ts:14 Effects GetTodos$ > withLatestFrom SHOW_ALL
main.ts:14 Effects AddTodo$ > actions$ {type: "GET_TODOS"}
filters.component.ts:22 SHOW_ALL
log-plugin.js:64 Tag = addTodoSuccess$; notification = subscribe; matching /.+/
log-plugin.js:64 Tag = addTodo$; notification = subscribe; matching /.+/
main.ts:14 Effects GetTodos$ > switchmap > todosService.getTodos (2) [{…}, {…}]
main.ts:14 Effects GetTodos$ > switchmap > dispatch Action GET_TODOS_SUCCESS {type: "GET_TODOS_SUCCESS", payload: Array(2)}
main.ts:14 Effects GetTodos$ > switchmap complete {type: "GET_TODOS_SUCCESS", payload: Array(2)}
log-plugin.js:61 Tag = getTodos$; notification = next; matching /.+/; value = {type: "GET_TODOS_SUCCESS", payload: Array(2)}
main.ts:14 Effects GetTodos$ > actions$ {type: "GET_TODOS_SUCCESS", payload: Array(2)}
main.ts:14 Effects AddTodo$ > actions$ {type: "GET_TODOS_SUCCESS", payload: Array(2)}
main.ts:24 Completed.
main.ts:24 Completed.
client?ffdb:120 [WDS] Warnings while compiling.
warnings @ client?ffdb:120
sock.onmessage @ socket.js:37
webpackJsonp.../../../../sockjs-client/lib/event/eventtarget.js.EventTarget.dispatchEvent @ eventtarget.js:51
(anonymous) @ main.js:274
webpackJsonp.../../../../sockjs-client/lib/main.js.SockJS._transportMessage @ main.js:272
webpackJsonp.../../../../sockjs-client/lib/event/emitter.js.EventEmitter.emit @ emitter.js:50
WebSocketTransport.ws.onmessage @ websocket.js:35
wrapFn @ zone.js:1166
webpackJsonp.../../../../zone.js/dist/zone.js.ZoneDelegate.invokeTask @ zone.js:425
webpackJsonp.../../../../zone.js/dist/zone.js.Zone.runTask @ zone.js:192
webpackJsonp.../../../../zone.js/dist/zone.js.ZoneTask.invokeTask @ zone.js:499
invokeTask @ zone.js:1540
globalZoneAwareCallback @ zone.js:1566
client?ffdb:126 Circular dependency detected:
src\app\app.module.ts -> src\app\todos.effects.ts -> src\app\app.module.ts
warnings @ client?ffdb:126
sock.onmessage @ socket.js:37
webpackJsonp.../../../../sockjs-client/lib/event/eventtarget.js.EventTarget.dispatchEvent @ eventtarget.js:51
(anonymous) @ main.js:274
webpackJsonp.../../../../sockjs-client/lib/main.js.SockJS._transportMessage @ main.js:272
webpackJsonp.../../../../sockjs-client/lib/event/emitter.js.EventEmitter.emit @ emitter.js:50
WebSocketTransport.ws.onmessage @ websocket.js:35
wrapFn @ zone.js:1166
webpackJsonp.../../../../zone.js/dist/zone.js.ZoneDelegate.invokeTask @ zone.js:425
webpackJsonp.../../../../zone.js/dist/zone.js.Zone.runTask @ zone.js:192
webpackJsonp.../../../../zone.js/dist/zone.js.ZoneTask.invokeTask @ zone.js:499
invokeTask @ zone.js:1540
globalZoneAwareCallback @ zone.js:1566
client?ffdb:126 Circular dependency detected:
src\app\todos-page\todos-page.component.ts -> src\app\app.module.ts -> src\app\todos-page\todos-page.component.ts
warnings @ client?ffdb:126
sock.onmessage @ socket.js:37
webpackJsonp.../../../../sockjs-client/lib/event/eventtarget.js.EventTarget.dispatchEvent @ eventtarget.js:51
(anonymous) @ main.js:274
webpackJsonp.../../../../sockjs-client/lib/main.js.SockJS._transportMessage @ main.js:272
webpackJsonp.../../../../sockjs-client/lib/event/emitter.js.EventEmitter.emit @ emitter.js:50
WebSocketTransport.ws.onmessage @ websocket.js:35
wrapFn @ zone.js:1166
webpackJsonp.../../../../zone.js/dist/zone.js.ZoneDelegate.invokeTask @ zone.js:425
webpackJsonp.../../../../zone.js/dist/zone.js.Zone.runTask @ zone.js:192
webpackJsonp.../../../../zone.js/dist/zone.js.ZoneTask.invokeTask @ zone.js:499
invokeTask @ zone.js:1540
globalZoneAwareCallback @ zone.js:1566
client?ffdb:126 Circular dependency detected:
src\app\todos.effects.ts -> src\app\app.module.ts -> src\app\todos.effects.ts
warnings @ client?ffdb:126
sock.onmessage @ socket.js:37
webpackJsonp.../../../../sockjs-client/lib/event/eventtarget.js.EventTarget.dispatchEvent @ eventtarget.js:51
(anonymous) @ main.js:274
webpackJsonp.../../../../sockjs-client/lib/main.js.SockJS._transportMessage @ main.js:272
webpackJsonp.../../../../sockjs-client/lib/event/emitter.js.EventEmitter.emit @ emitter.js:50
WebSocketTransport.ws.onmessage @ websocket.js:35
wrapFn @ zone.js:1166
webpackJsonp.../../../../zone.js/dist/zone.js.ZoneDelegate.invokeTask @ zone.js:425
webpackJsonp.../../../../zone.js/dist/zone.js.Zone.runTask @ zone.js:192
webpackJsonp.../../../../zone.js/dist/zone.js.ZoneTask.invokeTask @ zone.js:499
invokeTask @ zone.js:1540
globalZoneAwareCallback @ zone.js:1566
todos-page.component.ts:43 addTodo in todo-page avec count =  1  pour la todo  task DR
main.ts:14 Effects GetTodos$ > actions$ {type: "ADD_TODO", payload: {…}}payload: {id: 0.5520474691700432, title: "task DR", completed: false}type: "ADD_TODO"__proto__: Object
main.ts:14 Effects AddTodo$ > actions$ {type: "ADD_TODO", payload: {…}}payload: {id: 0.5520474691700432, title: "task DR", completed: false}type: "ADD_TODO"__proto__: Object
log-plugin.js:64 Tag = addTodo$; notification = subscribe; matching /.+/
main.ts:14 Effects AddTodo$ > ofType ADD_TODO {type: "ADD_TODO", payload: {…}}payload: {id: 0.5520474691700432, title: "task DR", completed: false}type: "ADD_TODO"__proto__: Object
todos.service.ts:26 Service AddTodo - Count 1
todos.service.ts:28 AddTodo {id: 0.4523654923502003, title: "task DR", completed: false}  in  (3) [{…}, {…}, {…}]
main.ts:14 Effects AddTodo$ > switchmap > todosService.AddTodo {id: 0.4523654923502003, title: "task DR", completed: false}
main.ts:14 Effects AddTodo$ > switchmap > dispatch Action ADD_TODO_SUCCESS {type: "ADD_TODO_SUCCESS", payload: {…}}
main.ts:14 Effects AddTodo$ > switchmap complete {type: "ADD_TODO_SUCCESS", payload: {…}}
log-plugin.js:61 Tag = addTodo$; notification = next; matching /.+/; value = {type: "ADD_TODO_SUCCESS", payload: {…}}
main.ts:14 Effects GetTodos$ > actions$ {type: "ADD_TODO_SUCCESS", payload: {…}}payload: {id: 0.4523654923502003, title: "task DR", completed: false}type: "ADD_TODO_SUCCESS"__proto__: Object
main.ts:14 Effects AddTodo$ > actions$ {type: "ADD_TODO_SUCCESS", payload: {…}}payload: {id: 0.4523654923502003, title: "task DR", completed: false}type: "ADD_TODO_SUCCESS"__proto__: Object
main.ts:14 Effects AddTodo$ > switchmap complete {type: "ADD_TODO_SUCCESS", payload: {…}}payload: {id: 0.4523654923502003, title: "task DR", completed: false}type: "ADD_TODO_SUCCESS"__proto__: Object
log-plugin.js:61 Tag = addTodo$; notification = next; matching /.+/; value = {type: "ADD_TODO_SUCCESS", payload: {…}}
log-plugin.js:61 Tag = addTodoSuccess$; notification = next; matching /.+/; value = {type: "ADD_TODO_SUCCESS", payload: {…}}
main.ts:14 Effects AddTodo$ > switchmap complete {type: "ADD_TODO_SUCCESS", payload: {…}}payload: {id: 0.4523654923502003, title: "task DR", completed: false}type: "ADD_TODO_SUCCESS"__proto__: Object
log-plugin.js:61 Tag = addTodo$; notification = next; matching /.+/; value = {type: "ADD_TODO_SUCCESS", payload: {…}}payload: {id: 0.4523654923502003, title: "task DR", completed: false}type: "ADD_TODO_SUCCESS"__proto__: Object
log-plugin.js:64 Tag = addTodo$; notification = unsubscribe; matching /.+/
main.ts:24 Completed.
main.ts:24 Completed.
add-todo.component.ts:22 add-todo.component Reset count =  1 value is  {type: "ADD_TODO_SUCCESS", payload: {…}}payload: {id: 0.4523654923502003, title: "task DR", completed: false}type: "ADD_TODO_SUCCESS"__proto__: Object
